<?xml version="1.0" encoding="UTF-8"?>
<testsuite name="org.example.springboot.web.PostsApiControllerTest" tests="3" skipped="0" failures="0" errors="0" timestamp="2019-12-21T08:58:59" hostname="DESKTOP-L0A67NQ" time="0.122">
  <properties/>
  <testcase name="Posts_등록된다" classname="org.example.springboot.web.PostsApiControllerTest" time="0.06"/>
  <testcase name="Posts_삭제된다" classname="org.example.springboot.web.PostsApiControllerTest" time="0.031"/>
  <testcase name="Posts_수정된다" classname="org.example.springboot.web.PostsApiControllerTest" time="0.029"/>
  <system-out><![CDATA[2019-12-21 17:58:59.645  INFO 9664 --- [    Test worker] .b.t.c.SpringBootTestContextBootstrapper : Neither @ContextConfiguration nor @ContextHierarchy found for test class [org.example.springboot.web.PostsApiControllerTest], using SpringBootContextLoader
2019-12-21 17:58:59.646  INFO 9664 --- [    Test worker] o.s.t.c.support.AbstractContextLoader    : Could not detect default resource locations for test class [org.example.springboot.web.PostsApiControllerTest]: no resource found for suffixes {-context.xml, Context.groovy}.
2019-12-21 17:58:59.646  INFO 9664 --- [    Test worker] t.c.s.AnnotationConfigContextLoaderUtils : Could not detect default configuration classes for test class [org.example.springboot.web.PostsApiControllerTest]: PostsApiControllerTest does not declare any static, non-private, non-final, nested classes annotated with @Configuration.
2019-12-21 17:58:59.647  INFO 9664 --- [    Test worker] .b.t.c.SpringBootTestContextBootstrapper : Found @SpringBootConfiguration org.example.springboot.Application for test class org.example.springboot.web.PostsApiControllerTest
2019-12-21 17:58:59.649  INFO 9664 --- [    Test worker] .b.t.c.SpringBootTestContextBootstrapper : Loaded default TestExecutionListener class names from location [META-INF/spring.factories]: [org.springframework.security.test.context.support.WithSecurityContextTestExecutionListener, org.springframework.security.test.context.support.ReactorContextTestExecutionListener, org.springframework.boot.test.autoconfigure.restdocs.RestDocsTestExecutionListener, org.springframework.boot.test.autoconfigure.web.client.MockRestServiceServerResetTestExecutionListener, org.springframework.boot.test.autoconfigure.web.servlet.MockMvcPrintOnlyOnFailureTestExecutionListener, org.springframework.boot.test.autoconfigure.web.servlet.WebDriverTestExecutionListener, org.springframework.boot.test.mock.mockito.MockitoTestExecutionListener, org.springframework.boot.test.mock.mockito.ResetMocksTestExecutionListener, org.springframework.test.context.web.ServletTestExecutionListener, org.springframework.test.context.support.DirtiesContextBeforeModesTestExecutionListener, org.springframework.test.context.support.DependencyInjectionTestExecutionListener, org.springframework.test.context.support.DirtiesContextTestExecutionListener, org.springframework.test.context.transaction.TransactionalTestExecutionListener, org.springframework.test.context.jdbc.SqlScriptsTestExecutionListener]
2019-12-21 17:58:59.650  INFO 9664 --- [    Test worker] .b.t.c.SpringBootTestContextBootstrapper : Using TestExecutionListeners: [org.springframework.test.context.web.ServletTestExecutionListener@51287d39, org.springframework.test.context.support.DirtiesContextBeforeModesTestExecutionListener@7eca31dd, org.springframework.boot.test.mock.mockito.MockitoTestExecutionListener@25f59585, org.springframework.boot.test.autoconfigure.SpringBootDependencyInjectionTestExecutionListener@3c7c6a42, org.springframework.test.context.support.DirtiesContextTestExecutionListener@2e2f1941, org.springframework.test.context.transaction.TransactionalTestExecutionListener@1c49180, org.springframework.test.context.jdbc.SqlScriptsTestExecutionListener@8147580, org.springframework.security.test.context.support.WithSecurityContextTestExecutionListener@57e530ba, org.springframework.security.test.context.support.ReactorContextTestExecutionListener@1d6ce16, org.springframework.boot.test.autoconfigure.restdocs.RestDocsTestExecutionListener@24bb073d, org.springframework.boot.test.autoconfigure.web.client.MockRestServiceServerResetTestExecutionListener@f28de5f, org.springframework.boot.test.autoconfigure.web.servlet.MockMvcPrintOnlyOnFailureTestExecutionListener@71364fe0, org.springframework.boot.test.autoconfigure.web.servlet.WebDriverTestExecutionListener@46a789ae, org.springframework.boot.test.mock.mockito.ResetMocksTestExecutionListener@3a59fca8]
2019-12-21 17:58:59.659  INFO 9664 --- [    Test worker] o.a.c.c.C.[Tomcat].[localhost].[/]       : Initializing Spring TestDispatcherServlet ''
2019-12-21 17:58:59.659  INFO 9664 --- [    Test worker] o.s.t.web.servlet.TestDispatcherServlet  : Initializing Servlet ''
2019-12-21 17:58:59.662  INFO 9664 --- [    Test worker] o.s.t.web.servlet.TestDispatcherServlet  : Completed initialization in 3 ms
Hibernate: insert into posts (created_date, modified_date, author, content, title) values (?, ?, ?, ?, ?)
Hibernate: select posts0_.id as id1_0_, posts0_.created_date as created_2_0_, posts0_.modified_date as modified3_0_, posts0_.author as author4_0_, posts0_.content as content5_0_, posts0_.title as title6_0_ from posts posts0_
Hibernate: select posts0_.id as id1_0_, posts0_.created_date as created_2_0_, posts0_.modified_date as modified3_0_, posts0_.author as author4_0_, posts0_.content as content5_0_, posts0_.title as title6_0_ from posts posts0_
Hibernate: delete from posts where id=?
2019-12-21 17:58:59.719  INFO 9664 --- [    Test worker] o.a.c.c.C.[Tomcat].[localhost].[/]       : Initializing Spring TestDispatcherServlet ''
2019-12-21 17:58:59.719  INFO 9664 --- [    Test worker] o.s.t.web.servlet.TestDispatcherServlet  : Initializing Servlet ''
2019-12-21 17:58:59.723  INFO 9664 --- [    Test worker] o.s.t.web.servlet.TestDispatcherServlet  : Completed initialization in 4 ms
Hibernate: insert into posts (created_date, modified_date, author, content, title) values (?, ?, ?, ?, ?)
Hibernate: select posts0_.id as id1_0_0_, posts0_.created_date as created_2_0_0_, posts0_.modified_date as modified3_0_0_, posts0_.author as author4_0_0_, posts0_.content as content5_0_0_, posts0_.title as title6_0_0_ from posts posts0_ where posts0_.id=?
Hibernate: delete from posts where id=?
Hibernate: select posts0_.id as id1_0_, posts0_.created_date as created_2_0_, posts0_.modified_date as modified3_0_, posts0_.author as author4_0_, posts0_.content as content5_0_, posts0_.title as title6_0_ from posts posts0_
2019-12-21 17:58:59.751  INFO 9664 --- [    Test worker] o.a.c.c.C.[Tomcat].[localhost].[/]       : Initializing Spring TestDispatcherServlet ''
2019-12-21 17:58:59.751  INFO 9664 --- [    Test worker] o.s.t.web.servlet.TestDispatcherServlet  : Initializing Servlet ''
2019-12-21 17:58:59.754  INFO 9664 --- [    Test worker] o.s.t.web.servlet.TestDispatcherServlet  : Completed initialization in 3 ms
Hibernate: insert into posts (created_date, modified_date, author, content, title) values (?, ?, ?, ?, ?)
Hibernate: select posts0_.id as id1_0_0_, posts0_.created_date as created_2_0_0_, posts0_.modified_date as modified3_0_0_, posts0_.author as author4_0_0_, posts0_.content as content5_0_0_, posts0_.title as title6_0_0_ from posts posts0_ where posts0_.id=?
Hibernate: update posts set created_date=?, modified_date=?, author=?, content=?, title=? where id=?
Hibernate: select posts0_.id as id1_0_, posts0_.created_date as created_2_0_, posts0_.modified_date as modified3_0_, posts0_.author as author4_0_, posts0_.content as content5_0_, posts0_.title as title6_0_ from posts posts0_
Hibernate: select posts0_.id as id1_0_, posts0_.created_date as created_2_0_, posts0_.modified_date as modified3_0_, posts0_.author as author4_0_, posts0_.content as content5_0_, posts0_.title as title6_0_ from posts posts0_
Hibernate: delete from posts where id=?
]]></system-out>
  <system-err><![CDATA[]]></system-err>
</testsuite>
